<?xml version="1.0" encoding="UTF-8"?>
<!-- Generated by org.testng.reporters.JUnitReportReporter -->
<testsuite skipped="0" hostname="cathy" name="com.course.cases.AddUserTest" tests="1" failures="0" timestamp="24 五月 2020 08:21:16 GMT" time="0.063" errors="0">
  <testcase name="addUser" time="0.063" classname="com.course.cases.AddUserTest"/>
</testsuite> <!-- com.course.cases.AddUserTest -->
