<?xml version="1.0" encoding="UTF-8"?>
<!-- Generated by org.testng.reporters.JUnitReportReporter -->
<testsuite skipped="0" hostname="cathy" name="com.course.cases.GetUserInfoListTest" tests="1" failures="0" timestamp="24 五月 2020 08:21:16 GMT" time="0.073" errors="0">
  <testcase name="getUserListInfo" time="0.073" classname="com.course.cases.GetUserInfoListTest"/>
</testsuite> <!-- com.course.cases.GetUserInfoListTest -->
